nohup: ignoring input

  .   ____          _            __ _ _
 /\\ / ___'_ __ _ _(_)_ __  __ _ \ \ \ \
( ( )\___ | '_ | '_| | '_ \/ _` | \ \ \ \
 \\/  ___)| |_)| | | | | || (_| |  ) ) ) )
  '  |____| .__|_| |_|_| |_\__, | / / / /
 =========|_|==============|___/=/_/_/_/
 :: Spring Boot ::               (v2.7.14)

2026-02-17 22:12:04.078  INFO 45334 --- [           main] config.HireSphereApplication             : Starting HireSphereApplication v1.0.0 using Java 25.0.1 on codespaces-cefbb4 with PID 45334 (/workspaces/HireSphere/target/hiresphere-1.0.0.jar started by codespace in /workspaces/HireSphere)
2026-02-17 22:12:04.101  INFO 45334 --- [           main] config.HireSphereApplication             : No active profile set, falling back to 1 default profile: "default"
WARNING: A restricted method in java.lang.System has been called
WARNING: java.lang.System::load has been called by org.apache.tomcat.jni.Library in an unnamed module (jar:file:/workspaces/HireSphere/target/hiresphere-1.0.0.jar!/BOOT-INF/lib/tomcat-embed-core-9.0.78.jar!/)
WARNING: Use --enable-native-access=ALL-UNNAMED to avoid a warning for callers in this module
WARNING: Restricted methods will be blocked in a future release unless native access is enabled

2026-02-17 22:12:06.286  INFO 45334 --- [           main] o.s.b.w.embedded.tomcat.TomcatWebServer  : Tomcat initialized with port(s): 8080 (http)
2026-02-17 22:12:06.303  INFO 45334 --- [           main] o.apache.catalina.core.StandardService   : Starting service [Tomcat]
2026-02-17 22:12:06.303  INFO 45334 --- [           main] org.apache.catalina.core.StandardEngine  : Starting Servlet engine: [Apache Tomcat/9.0.78]
2026-02-17 22:12:06.511  INFO 45334 --- [           main] o.a.c.c.C.[Tomcat].[localhost].[/]       : Initializing Spring embedded WebApplicationContext
2026-02-17 22:12:06.511  INFO 45334 --- [           main] w.s.c.ServletWebServerApplicationContext : Root WebApplicationContext: initialization completed in 2187 ms
2026-02-17 22:12:07.102 DEBUG 45334 --- [           main] s.w.s.m.m.a.RequestMappingHandlerAdapter : ControllerAdvice beans: 0 @ModelAttribute, 0 @InitBinder, 1 RequestBodyAdvice, 1 ResponseBodyAdvice
2026-02-17 22:12:07.182  INFO 45334 --- [           main] o.s.b.a.w.s.WelcomePageHandlerMapping    : Adding welcome page: class path resource [static/index.html]
2026-02-17 22:12:07.272 DEBUG 45334 --- [           main] s.w.s.m.m.a.RequestMappingHandlerMapping : 9 mappings in 'requestMappingHandlerMapping'
2026-02-17 22:12:07.349 DEBUG 45334 --- [           main] o.s.w.s.handler.SimpleUrlHandlerMapping  : Patterns [/webjars/**, /**] in 'resourceHandlerMapping'
2026-02-17 22:12:07.363 DEBUG 45334 --- [           main] .m.m.a.ExceptionHandlerExceptionResolver : ControllerAdvice beans: 0 @ExceptionHandler, 1 ResponseBodyAdvice
2026-02-17 22:12:07.636  INFO 45334 --- [           main] o.s.b.w.embedded.tomcat.TomcatWebServer  : Tomcat started on port(s): 8080 (http) with context path ''
2026-02-17 22:12:07.652  INFO 45334 --- [           main] config.HireSphereApplication             : Started HireSphereApplication in 4.849 seconds (JVM running for 5.602)
2026-02-17 22:12:18.059  INFO 45334 --- [nio-8080-exec-1] o.a.c.c.C.[Tomcat].[localhost].[/]       : Initializing Spring DispatcherServlet 'dispatcherServlet'
2026-02-17 22:12:18.060  INFO 45334 --- [nio-8080-exec-1] o.s.web.servlet.DispatcherServlet        : Initializing Servlet 'dispatcherServlet'
2026-02-17 22:12:18.060 DEBUG 45334 --- [nio-8080-exec-1] o.s.web.servlet.DispatcherServlet        : Detected StandardServletMultipartResolver
2026-02-17 22:12:18.061 DEBUG 45334 --- [nio-8080-exec-1] o.s.web.servlet.DispatcherServlet        : Detected AcceptHeaderLocaleResolver
2026-02-17 22:12:18.061 DEBUG 45334 --- [nio-8080-exec-1] o.s.web.servlet.DispatcherServlet        : Detected FixedThemeResolver
2026-02-17 22:12:18.063 DEBUG 45334 --- [nio-8080-exec-1] o.s.web.servlet.DispatcherServlet        : Detected org.springframework.web.servlet.view.DefaultRequestToViewNameTranslator@d9bb5c7
2026-02-17 22:12:18.064 DEBUG 45334 --- [nio-8080-exec-1] o.s.web.servlet.DispatcherServlet        : Detected org.springframework.web.servlet.support.SessionFlashMapManager@56795e64
2026-02-17 22:12:18.064 DEBUG 45334 --- [nio-8080-exec-1] o.s.web.servlet.DispatcherServlet        : enableLoggingRequestDetails='false': request parameters and headers will be masked to prevent unsafe logging of potentially sensitive data
2026-02-17 22:12:18.064  INFO 45334 --- [nio-8080-exec-1] o.s.web.servlet.DispatcherServlet        : Completed initialization in 4 ms
2026-02-17 22:12:18.078 DEBUG 45334 --- [nio-8080-exec-1] o.s.web.servlet.DispatcherServlet        : GET "/", parameters={}
2026-02-17 22:12:18.093 DEBUG 45334 --- [nio-8080-exec-1] o.s.w.s.v.ContentNegotiatingViewResolver : Selected 'text/html' given [text/html, application/xhtml+xml, image/avif, image/webp, image/apng, application/xml;q=0.9, application/signed-exchange;v=b3;q=0.7, */*;q=0.8]
2026-02-17 22:12:18.093 DEBUG 45334 --- [nio-8080-exec-1] o.s.w.servlet.view.InternalResourceView  : View name 'forward:', model {}
2026-02-17 22:12:18.094 DEBUG 45334 --- [nio-8080-exec-1] o.s.w.servlet.view.InternalResourceView  : Forwarding to [index.html]
2026-02-17 22:12:18.099 DEBUG 45334 --- [nio-8080-exec-1] o.s.web.servlet.DispatcherServlet        : "FORWARD" dispatch for GET "/index.html", parameters={}
2026-02-17 22:12:18.102 DEBUG 45334 --- [nio-8080-exec-1] o.s.w.s.handler.SimpleUrlHandlerMapping  : Mapped to ResourceHttpRequestHandler [classpath [META-INF/resources/], classpath [resources/], classpath [static/], classpath [public/], ServletContext [/]]
2026-02-17 22:12:18.116 DEBUG 45334 --- [nio-8080-exec-1] o.s.web.servlet.DispatcherServlet        : Exiting from "FORWARD" dispatch, status 200
2026-02-17 22:12:18.118 DEBUG 45334 --- [nio-8080-exec-1] o.s.web.servlet.DispatcherServlet        : Completed 200 OK
2026-02-17 22:13:14.935 DEBUG 45334 --- [nio-8080-exec-2] o.s.web.servlet.DispatcherServlet        : GET "/", parameters={}
2026-02-17 22:13:14.937 DEBUG 45334 --- [nio-8080-exec-2] o.s.w.s.v.ContentNegotiatingViewResolver : Selected 'text/html' given [text/html, application/xhtml+xml, image/avif, image/webp, image/apng, application/xml;q=0.9, application/signed-exchange;v=b3;q=0.7, */*;q=0.8]
2026-02-17 22:13:14.937 DEBUG 45334 --- [nio-8080-exec-2] o.s.w.servlet.view.InternalResourceView  : View name 'forward:', model {}
2026-02-17 22:13:14.937 DEBUG 45334 --- [nio-8080-exec-2] o.s.w.servlet.view.InternalResourceView  : Forwarding to [index.html]
2026-02-17 22:13:14.937 DEBUG 45334 --- [nio-8080-exec-2] o.s.web.servlet.DispatcherServlet        : "FORWARD" dispatch for GET "/index.html", parameters={}
2026-02-17 22:13:14.939 DEBUG 45334 --- [nio-8080-exec-2] o.s.w.s.handler.SimpleUrlHandlerMapping  : Mapped to ResourceHttpRequestHandler [classpath [META-INF/resources/], classpath [resources/], classpath [static/], classpath [public/], ServletContext [/]]
2026-02-17 22:13:14.942 DEBUG 45334 --- [nio-8080-exec-2] o.s.web.servlet.DispatcherServlet        : Exiting from "FORWARD" dispatch, status 200
2026-02-17 22:13:14.943 DEBUG 45334 --- [nio-8080-exec-2] o.s.web.servlet.DispatcherServlet        : Completed 200 OK
2026-02-17 22:15:48.441 DEBUG 45334 --- [nio-8080-exec-5] o.s.web.servlet.DispatcherServlet        : OPTIONS "/api/auth/register", parameters={}
2026-02-17 22:15:48.443 DEBUG 45334 --- [nio-8080-exec-5] s.w.s.m.m.a.RequestMappingHandlerMapping : Mapped to api.AuthRestController#register(RegisterRequest)
2026-02-17 22:15:48.453 DEBUG 45334 --- [nio-8080-exec-5] o.s.web.servlet.DispatcherServlet        : Completed 200 OK
2026-02-17 22:18:05.089 DEBUG 45334 --- [nio-8080-exec-6] o.s.web.servlet.DispatcherServlet        : GET "/", parameters={}
2026-02-17 22:18:05.093 DEBUG 45334 --- [nio-8080-exec-6] o.s.w.s.v.ContentNegotiatingViewResolver : Selected 'text/html' given [text/html, application/xhtml+xml, image/avif, image/webp, image/apng, application/xml;q=0.9, application/signed-exchange;v=b3;q=0.7, */*;q=0.8]
2026-02-17 22:18:05.094 DEBUG 45334 --- [nio-8080-exec-6] o.s.w.servlet.view.InternalResourceView  : View name 'forward:', model {}
2026-02-17 22:18:05.094 DEBUG 45334 --- [nio-8080-exec-6] o.s.w.servlet.view.InternalResourceView  : Forwarding to [index.html]
2026-02-17 22:18:05.095 DEBUG 45334 --- [nio-8080-exec-6] o.s.web.servlet.DispatcherServlet        : "FORWARD" dispatch for GET "/index.html", parameters={}
2026-02-17 22:18:05.096 DEBUG 45334 --- [nio-8080-exec-6] o.s.w.s.handler.SimpleUrlHandlerMapping  : Mapped to ResourceHttpRequestHandler [classpath [META-INF/resources/], classpath [resources/], classpath [static/], classpath [public/], ServletContext [/]]
2026-02-17 22:18:05.097 DEBUG 45334 --- [nio-8080-exec-6] o.s.web.servlet.DispatcherServlet        : Exiting from "FORWARD" dispatch, status 200
2026-02-17 22:18:05.098 DEBUG 45334 --- [nio-8080-exec-6] o.s.web.servlet.DispatcherServlet        : Completed 200 OK
2026-02-17 22:18:05.407 DEBUG 45334 --- [nio-8080-exec-7] o.s.web.servlet.DispatcherServlet        : GET "/css/style.css", parameters={}
2026-02-17 22:18:05.411 DEBUG 45334 --- [nio-8080-exec-7] o.s.w.s.handler.SimpleUrlHandlerMapping  : Mapped to ResourceHttpRequestHandler [classpath [META-INF/resources/], classpath [resources/], classpath [static/], classpath [public/], ServletContext [/]]
2026-02-17 22:18:05.414 DEBUG 45334 --- [nio-8080-exec-7] o.s.web.servlet.DispatcherServlet        : Completed 200 OK
2026-02-17 22:18:05.434 DEBUG 45334 --- [nio-8080-exec-8] o.s.web.servlet.DispatcherServlet        : GET "/js/api.js", parameters={}
2026-02-17 22:18:05.435 DEBUG 45334 --- [nio-8080-exec-8] o.s.w.s.handler.SimpleUrlHandlerMapping  : Mapped to ResourceHttpRequestHandler [classpath [META-INF/resources/], classpath [resources/], classpath [static/], classpath [public/], ServletContext [/]]
2026-02-17 22:18:05.437 DEBUG 45334 --- [nio-8080-exec-9] o.s.web.servlet.DispatcherServlet        : GET "/js/auth.js", parameters={}
2026-02-17 22:18:05.437 DEBUG 45334 --- [nio-8080-exec-9] o.s.w.s.handler.SimpleUrlHandlerMapping  : Mapped to ResourceHttpRequestHandler [classpath [META-INF/resources/], classpath [resources/], classpath [static/], classpath [public/], ServletContext [/]]
2026-02-17 22:18:05.438 DEBUG 45334 --- [nio-8080-exec-8] o.s.web.servlet.DispatcherServlet        : Completed 200 OK
2026-02-17 22:18:05.439 DEBUG 45334 --- [nio-8080-exec-9] o.s.web.servlet.DispatcherServlet        : Completed 200 OK
2026-02-17 22:18:05.611 DEBUG 45334 --- [io-8080-exec-10] o.s.web.servlet.DispatcherServlet        : GET "/favicon.ico", parameters={}
2026-02-17 22:18:05.613 DEBUG 45334 --- [io-8080-exec-10] o.s.w.s.handler.SimpleUrlHandlerMapping  : Mapped to ResourceHttpRequestHandler [classpath [META-INF/resources/], classpath [resources/], classpath [static/], classpath [public/], ServletContext [/]]
2026-02-17 22:18:05.614 DEBUG 45334 --- [io-8080-exec-10] o.s.w.s.r.ResourceHttpRequestHandler     : Resource not found
2026-02-17 22:18:05.616 DEBUG 45334 --- [io-8080-exec-10] o.s.web.servlet.DispatcherServlet        : Completed 404 NOT_FOUND
2026-02-17 22:18:05.617 DEBUG 45334 --- [io-8080-exec-10] o.s.web.servlet.DispatcherServlet        : "ERROR" dispatch for GET "/error", parameters={}
2026-02-17 22:18:05.619 DEBUG 45334 --- [io-8080-exec-10] s.w.s.m.m.a.RequestMappingHandlerMapping : Mapped to org.springframework.boot.autoconfigure.web.servlet.error.BasicErrorController#error(HttpServletRequest)
2026-02-17 22:18:05.643 DEBUG 45334 --- [io-8080-exec-10] o.s.w.s.m.m.a.HttpEntityMethodProcessor  : Using 'application/json;q=0.8', given [image/avif, image/webp, image/apng, image/svg+xml, image/*, */*;q=0.8] and supported [application/json, application/*+json, application/json, application/*+json]
2026-02-17 22:18:05.645 DEBUG 45334 --- [io-8080-exec-10] o.s.w.s.m.m.a.HttpEntityMethodProcessor  : Writing [{timestamp=Tue Feb 17 22:18:05 UTC 2026, status=404, error=Not Found, path=/favicon.ico}]
2026-02-17 22:18:05.719 DEBUG 45334 --- [io-8080-exec-10] o.s.web.servlet.DispatcherServlet        : Exiting from "ERROR" dispatch, status 404
2026-02-17 22:19:14.200 DEBUG 45334 --- [nio-8080-exec-6] o.s.web.servlet.DispatcherServlet        : GET "/", parameters={}
2026-02-17 22:19:14.208 DEBUG 45334 --- [nio-8080-exec-6] o.s.w.s.v.ContentNegotiatingViewResolver : Selected 'text/html' given [text/html, application/xhtml+xml, image/avif, image/webp, image/apng, application/xml;q=0.9, application/signed-exchange;v=b3;q=0.7, */*;q=0.8]
2026-02-17 22:19:14.209 DEBUG 45334 --- [nio-8080-exec-6] o.s.w.servlet.view.InternalResourceView  : View name 'forward:', model {}
2026-02-17 22:19:14.209 DEBUG 45334 --- [nio-8080-exec-6] o.s.w.servlet.view.InternalResourceView  : Forwarding to [index.html]
2026-02-17 22:19:14.209 DEBUG 45334 --- [nio-8080-exec-6] o.s.web.servlet.DispatcherServlet        : "FORWARD" dispatch for GET "/index.html", parameters={}
2026-02-17 22:19:14.213 DEBUG 45334 --- [nio-8080-exec-6] o.s.w.s.handler.SimpleUrlHandlerMapping  : Mapped to ResourceHttpRequestHandler [classpath [META-INF/resources/], classpath [resources/], classpath [static/], classpath [public/], ServletContext [/]]
2026-02-17 22:19:14.218 DEBUG 45334 --- [nio-8080-exec-6] o.s.web.servlet.DispatcherServlet        : Exiting from "FORWARD" dispatch, status 200
2026-02-17 22:19:14.218 DEBUG 45334 --- [nio-8080-exec-6] o.s.web.servlet.DispatcherServlet        : Completed 200 OK
2026-02-17 22:19:14.340 DEBUG 45334 --- [nio-8080-exec-7] o.s.web.servlet.DispatcherServlet        : GET "/js/auth.js", parameters={}
2026-02-17 22:19:14.341 DEBUG 45334 --- [nio-8080-exec-7] o.s.w.s.handler.SimpleUrlHandlerMapping  : Mapped to ResourceHttpRequestHandler [classpath [META-INF/resources/], classpath [resources/], classpath [static/], classpath [public/], ServletContext [/]]
2026-02-17 22:19:14.343 DEBUG 45334 --- [nio-8080-exec-7] o.s.web.servlet.DispatcherServlet        : Completed 200 OK
2026-02-17 22:19:14.466 DEBUG 45334 --- [nio-8080-exec-8] o.s.web.servlet.DispatcherServlet        : GET "/js/api.js", parameters={}
2026-02-17 22:19:14.467 DEBUG 45334 --- [nio-8080-exec-8] o.s.w.s.handler.SimpleUrlHandlerMapping  : Mapped to ResourceHttpRequestHandler [classpath [META-INF/resources/], classpath [resources/], classpath [static/], classpath [public/], ServletContext [/]]
2026-02-17 22:19:14.471 DEBUG 45334 --- [nio-8080-exec-8] o.s.web.servlet.DispatcherServlet        : Completed 200 OK
2026-02-17 22:19:14.492 DEBUG 45334 --- [nio-8080-exec-9] o.s.web.servlet.DispatcherServlet        : GET "/css/style.css", parameters={}
2026-02-17 22:19:14.495 DEBUG 45334 --- [nio-8080-exec-9] o.s.w.s.handler.SimpleUrlHandlerMapping  : Mapped to ResourceHttpRequestHandler [classpath [META-INF/resources/], classpath [resources/], classpath [static/], classpath [public/], ServletContext [/]]
2026-02-17 22:19:14.498 DEBUG 45334 --- [nio-8080-exec-9] o.s.web.servlet.DispatcherServlet        : Completed 200 OK
2026-02-17 22:19:14.570 DEBUG 45334 --- [io-8080-exec-10] o.s.web.servlet.DispatcherServlet        : GET "/favicon.ico", parameters={}
2026-02-17 22:19:14.571 DEBUG 45334 --- [io-8080-exec-10] o.s.w.s.handler.SimpleUrlHandlerMapping  : Mapped to ResourceHttpRequestHandler [classpath [META-INF/resources/], classpath [resources/], classpath [static/], classpath [public/], ServletContext [/]]
2026-02-17 22:19:14.573 DEBUG 45334 --- [io-8080-exec-10] o.s.w.s.r.ResourceHttpRequestHandler     : Resource not found
2026-02-17 22:19:14.573 DEBUG 45334 --- [io-8080-exec-10] o.s.web.servlet.DispatcherServlet        : Completed 404 NOT_FOUND
2026-02-17 22:19:14.574 DEBUG 45334 --- [io-8080-exec-10] o.s.web.servlet.DispatcherServlet        : "ERROR" dispatch for GET "/error", parameters={}
2026-02-17 22:19:14.575 DEBUG 45334 --- [io-8080-exec-10] s.w.s.m.m.a.RequestMappingHandlerMapping : Mapped to org.springframework.boot.autoconfigure.web.servlet.error.BasicErrorController#error(HttpServletRequest)
2026-02-17 22:19:14.576 DEBUG 45334 --- [io-8080-exec-10] o.s.w.s.m.m.a.HttpEntityMethodProcessor  : Using 'application/json;q=0.8', given [image/avif, image/webp, image/apng, image/svg+xml, image/*, */*;q=0.8] and supported [application/json, application/*+json, application/json, application/*+json]
2026-02-17 22:19:14.576 DEBUG 45334 --- [io-8080-exec-10] o.s.w.s.m.m.a.HttpEntityMethodProcessor  : Writing [{timestamp=Tue Feb 17 22:19:14 UTC 2026, status=404, error=Not Found, path=/favicon.ico}]
2026-02-17 22:19:14.578 DEBUG 45334 --- [io-8080-exec-10] o.s.web.servlet.DispatcherServlet        : Exiting from "ERROR" dispatch, status 404
2026-02-17 22:19:18.119 DEBUG 45334 --- [nio-8080-exec-2] o.s.web.servlet.DispatcherServlet        : GET "/", parameters={}
2026-02-17 22:19:18.122 DEBUG 45334 --- [nio-8080-exec-2] o.s.w.s.v.ContentNegotiatingViewResolver : Selected 'text/html' given [text/html, application/xhtml+xml, image/avif, image/webp, image/apng, application/xml;q=0.9, application/signed-exchange;v=b3;q=0.7, */*;q=0.8]
2026-02-17 22:19:18.124 DEBUG 45334 --- [nio-8080-exec-2] o.s.w.servlet.view.InternalResourceView  : View name 'forward:', model {}
2026-02-17 22:19:18.124 DEBUG 45334 --- [nio-8080-exec-2] o.s.w.servlet.view.InternalResourceView  : Forwarding to [index.html]
2026-02-17 22:19:18.125 DEBUG 45334 --- [nio-8080-exec-2] o.s.web.servlet.DispatcherServlet        : "FORWARD" dispatch for GET "/index.html", parameters={}
2026-02-17 22:19:18.126 DEBUG 45334 --- [nio-8080-exec-2] o.s.w.s.handler.SimpleUrlHandlerMapping  : Mapped to ResourceHttpRequestHandler [classpath [META-INF/resources/], classpath [resources/], classpath [static/], classpath [public/], ServletContext [/]]
2026-02-17 22:19:18.132 DEBUG 45334 --- [nio-8080-exec-2] o.s.web.servlet.DispatcherServlet        : Exiting from "FORWARD" dispatch, status 200
2026-02-17 22:19:18.134 DEBUG 45334 --- [nio-8080-exec-2] o.s.web.servlet.DispatcherServlet        : Completed 200 OK
2026-02-17 22:19:18.312 DEBUG 45334 --- [nio-8080-exec-3] o.s.web.servlet.DispatcherServlet        : GET "/js/api.js", parameters={}
2026-02-17 22:19:18.313 DEBUG 45334 --- [nio-8080-exec-3] o.s.w.s.handler.SimpleUrlHandlerMapping  : Mapped to ResourceHttpRequestHandler [classpath [META-INF/resources/], classpath [resources/], classpath [static/], classpath [public/], ServletContext [/]]
2026-02-17 22:19:18.314 DEBUG 45334 --- [nio-8080-exec-3] o.s.web.servlet.DispatcherServlet        : Completed 200 OK
2026-02-17 22:19:18.316 DEBUG 45334 --- [nio-8080-exec-1] o.s.web.servlet.DispatcherServlet        : GET "/css/style.css", parameters={}
2026-02-17 22:19:18.318 DEBUG 45334 --- [nio-8080-exec-1] o.s.w.s.handler.SimpleUrlHandlerMapping  : Mapped to ResourceHttpRequestHandler [classpath [META-INF/resources/], classpath [resources/], classpath [static/], classpath [public/], ServletContext [/]]
2026-02-17 22:19:18.320 DEBUG 45334 --- [nio-8080-exec-1] o.s.web.servlet.DispatcherServlet        : Completed 200 OK
2026-02-17 22:19:18.324 DEBUG 45334 --- [nio-8080-exec-4] o.s.web.servlet.DispatcherServlet        : GET "/js/auth.js", parameters={}
2026-02-17 22:19:18.325 DEBUG 45334 --- [nio-8080-exec-4] o.s.w.s.handler.SimpleUrlHandlerMapping  : Mapped to ResourceHttpRequestHandler [classpath [META-INF/resources/], classpath [resources/], classpath [static/], classpath [public/], ServletContext [/]]
2026-02-17 22:19:18.327 DEBUG 45334 --- [nio-8080-exec-4] o.s.web.servlet.DispatcherServlet        : Completed 200 OK
2026-02-17 22:19:18.435 DEBUG 45334 --- [nio-8080-exec-5] o.s.web.servlet.DispatcherServlet        : GET "/favicon.ico", parameters={}
2026-02-17 22:19:18.436 DEBUG 45334 --- [nio-8080-exec-5] o.s.w.s.handler.SimpleUrlHandlerMapping  : Mapped to ResourceHttpRequestHandler [classpath [META-INF/resources/], classpath [resources/], classpath [static/], classpath [public/], ServletContext [/]]
2026-02-17 22:19:18.436 DEBUG 45334 --- [nio-8080-exec-5] o.s.w.s.r.ResourceHttpRequestHandler     : Resource not found
2026-02-17 22:19:18.437 DEBUG 45334 --- [nio-8080-exec-5] o.s.web.servlet.DispatcherServlet        : Completed 404 NOT_FOUND
2026-02-17 22:19:18.437 DEBUG 45334 --- [nio-8080-exec-5] o.s.web.servlet.DispatcherServlet        : "ERROR" dispatch for GET "/error", parameters={}
2026-02-17 22:19:18.437 DEBUG 45334 --- [nio-8080-exec-5] s.w.s.m.m.a.RequestMappingHandlerMapping : Mapped to org.springframework.boot.autoconfigure.web.servlet.error.BasicErrorController#error(HttpServletRequest)
2026-02-17 22:19:18.438 DEBUG 45334 --- [nio-8080-exec-5] o.s.w.s.m.m.a.HttpEntityMethodProcessor  : Using 'application/json;q=0.8', given [image/avif, image/webp, image/apng, image/svg+xml, image/*, */*;q=0.8] and supported [application/json, application/*+json, application/json, application/*+json]
2026-02-17 22:19:18.439 DEBUG 45334 --- [nio-8080-exec-5] o.s.w.s.m.m.a.HttpEntityMethodProcessor  : Writing [{timestamp=Tue Feb 17 22:19:18 UTC 2026, status=404, error=Not Found, path=/favicon.ico}]
2026-02-17 22:19:18.441 DEBUG 45334 --- [nio-8080-exec-5] o.s.web.servlet.DispatcherServlet        : Exiting from "ERROR" dispatch, status 404
2026-02-17 22:19:18.599 DEBUG 45334 --- [nio-8080-exec-6] o.s.web.servlet.DispatcherServlet        : GET "/", parameters={}
2026-02-17 22:19:18.601 DEBUG 45334 --- [nio-8080-exec-6] o.s.w.s.v.ContentNegotiatingViewResolver : Selected 'text/html' given [text/html, application/xhtml+xml, image/avif, image/webp, image/apng, application/xml;q=0.9, application/signed-exchange;v=b3;q=0.7, */*;q=0.8]
2026-02-17 22:19:18.601 DEBUG 45334 --- [nio-8080-exec-6] o.s.w.servlet.view.InternalResourceView  : View name 'forward:', model {}
2026-02-17 22:19:18.601 DEBUG 45334 --- [nio-8080-exec-6] o.s.w.servlet.view.InternalResourceView  : Forwarding to [index.html]
2026-02-17 22:19:18.601 DEBUG 45334 --- [nio-8080-exec-6] o.s.web.servlet.DispatcherServlet        : "FORWARD" dispatch for GET "/index.html", parameters={}
2026-02-17 22:19:18.602 DEBUG 45334 --- [nio-8080-exec-6] o.s.w.s.handler.SimpleUrlHandlerMapping  : Mapped to ResourceHttpRequestHandler [classpath [META-INF/resources/], classpath [resources/], classpath [static/], classpath [public/], ServletContext [/]]
2026-02-17 22:19:18.603 DEBUG 45334 --- [nio-8080-exec-6] o.s.web.servlet.DispatcherServlet        : Exiting from "FORWARD" dispatch, status 200
2026-02-17 22:19:18.604 DEBUG 45334 --- [nio-8080-exec-6] o.s.web.servlet.DispatcherServlet        : Completed 200 OK
2026-02-17 22:19:18.642 DEBUG 45334 --- [nio-8080-exec-7] o.s.web.servlet.DispatcherServlet        : GET "/", parameters={}
2026-02-17 22:19:18.643 DEBUG 45334 --- [nio-8080-exec-7] o.s.w.s.v.ContentNegotiatingViewResolver : Selected 'text/html' given [text/html, application/xhtml+xml, image/avif, image/webp, image/apng, application/xml;q=0.9, application/signed-exchange;v=b3;q=0.7, */*;q=0.8]
2026-02-17 22:19:18.644 DEBUG 45334 --- [nio-8080-exec-7] o.s.w.servlet.view.InternalResourceView  : View name 'forward:', model {}
2026-02-17 22:19:18.644 DEBUG 45334 --- [nio-8080-exec-7] o.s.w.servlet.view.InternalResourceView  : Forwarding to [index.html]
2026-02-17 22:19:18.645 DEBUG 45334 --- [nio-8080-exec-7] o.s.web.servlet.DispatcherServlet        : "FORWARD" dispatch for GET "/index.html", parameters={}
2026-02-17 22:19:18.646 DEBUG 45334 --- [nio-8080-exec-7] o.s.w.s.handler.SimpleUrlHandlerMapping  : Mapped to ResourceHttpRequestHandler [classpath [META-INF/resources/], classpath [resources/], classpath [static/], classpath [public/], ServletContext [/]]
2026-02-17 22:19:18.649 DEBUG 45334 --- [nio-8080-exec-7] o.s.web.servlet.DispatcherServlet        : Exiting from "FORWARD" dispatch, status 200
2026-02-17 22:19:18.650 DEBUG 45334 --- [nio-8080-exec-7] o.s.web.servlet.DispatcherServlet        : Completed 200 OK
2026-02-17 22:19:18.706 DEBUG 45334 --- [io-8080-exec-10] o.s.web.servlet.DispatcherServlet        : GET "/", parameters={}
2026-02-17 22:19:18.708 DEBUG 45334 --- [io-8080-exec-10] o.s.w.s.v.ContentNegotiatingViewResolver : Selected 'text/html' given [text/html, application/xhtml+xml, image/avif, image/webp, image/apng, application/xml;q=0.9, application/signed-exchange;v=b3;q=0.7, */*;q=0.8]
2026-02-17 22:19:18.708 DEBUG 45334 --- [io-8080-exec-10] o.s.w.servlet.view.InternalResourceView  : View name 'forward:', model {}
2026-02-17 22:19:18.708 DEBUG 45334 --- [io-8080-exec-10] o.s.w.servlet.view.InternalResourceView  : Forwarding to [index.html]
2026-02-17 22:19:18.708 DEBUG 45334 --- [io-8080-exec-10] o.s.web.servlet.DispatcherServlet        : "FORWARD" dispatch for GET "/index.html", parameters={}
2026-02-17 22:19:18.709 DEBUG 45334 --- [io-8080-exec-10] o.s.w.s.handler.SimpleUrlHandlerMapping  : Mapped to ResourceHttpRequestHandler [classpath [META-INF/resources/], classpath [resources/], classpath [static/], classpath [public/], ServletContext [/]]
2026-02-17 22:19:18.710 DEBUG 45334 --- [io-8080-exec-10] o.s.web.servlet.DispatcherServlet        : Exiting from "FORWARD" dispatch, status 200
2026-02-17 22:19:18.710 DEBUG 45334 --- [io-8080-exec-10] o.s.web.servlet.DispatcherServlet        : Completed 200 OK
2026-02-17 22:19:18.722 DEBUG 45334 --- [nio-8080-exec-2] o.s.web.servlet.DispatcherServlet        : GET "/", parameters={}
2026-02-17 22:19:18.723 DEBUG 45334 --- [nio-8080-exec-2] o.s.w.s.v.ContentNegotiatingViewResolver : Selected 'text/html' given [text/html, application/xhtml+xml, image/avif, image/webp, image/apng, application/xml;q=0.9, application/signed-exchange;v=b3;q=0.7, */*;q=0.8]
2026-02-17 22:19:18.723 DEBUG 45334 --- [nio-8080-exec-2] o.s.w.servlet.view.InternalResourceView  : View name 'forward:', model {}
2026-02-17 22:19:18.724 DEBUG 45334 --- [nio-8080-exec-2] o.s.w.servlet.view.InternalResourceView  : Forwarding to [index.html]
2026-02-17 22:19:18.725 DEBUG 45334 --- [nio-8080-exec-2] o.s.web.servlet.DispatcherServlet        : "FORWARD" dispatch for GET "/index.html", parameters={}
2026-02-17 22:19:18.727 DEBUG 45334 --- [nio-8080-exec-2] o.s.w.s.handler.SimpleUrlHandlerMapping  : Mapped to ResourceHttpRequestHandler [classpath [META-INF/resources/], classpath [resources/], classpath [static/], classpath [public/], ServletContext [/]]
2026-02-17 22:19:18.734 DEBUG 45334 --- [nio-8080-exec-2] o.s.web.servlet.DispatcherServlet        : Exiting from "FORWARD" dispatch, status 200
2026-02-17 22:19:18.737 DEBUG 45334 --- [nio-8080-exec-2] o.s.web.servlet.DispatcherServlet        : Completed 200 OK
2026-02-17 22:19:18.746 DEBUG 45334 --- [nio-8080-exec-1] o.s.web.servlet.DispatcherServlet        : GET "/", parameters={}
2026-02-17 22:19:18.747 DEBUG 45334 --- [nio-8080-exec-1] o.s.w.s.v.ContentNegotiatingViewResolver : Selected 'text/html' given [text/html, application/xhtml+xml, image/avif, image/webp, image/apng, application/xml;q=0.9, application/signed-exchange;v=b3;q=0.7, */*;q=0.8]
2026-02-17 22:19:18.749 DEBUG 45334 --- [nio-8080-exec-1] o.s.w.servlet.view.InternalResourceView  : View name 'forward:', model {}
2026-02-17 22:19:18.749 DEBUG 45334 --- [nio-8080-exec-1] o.s.w.servlet.view.InternalResourceView  : Forwarding to [index.html]
2026-02-17 22:19:18.749 DEBUG 45334 --- [nio-8080-exec-1] o.s.web.servlet.DispatcherServlet        : "FORWARD" dispatch for GET "/index.html", parameters={}
2026-02-17 22:19:18.750 DEBUG 45334 --- [nio-8080-exec-1] o.s.w.s.handler.SimpleUrlHandlerMapping  : Mapped to ResourceHttpRequestHandler [classpath [META-INF/resources/], classpath [resources/], classpath [static/], classpath [public/], ServletContext [/]]
2026-02-17 22:19:18.753 DEBUG 45334 --- [nio-8080-exec-1] o.s.web.servlet.DispatcherServlet        : Exiting from "FORWARD" dispatch, status 200
2026-02-17 22:19:18.755 DEBUG 45334 --- [nio-8080-exec-1] o.s.web.servlet.DispatcherServlet        : Completed 200 OK
2026-02-17 22:19:18.782 DEBUG 45334 --- [nio-8080-exec-4] o.s.web.servlet.DispatcherServlet        : GET "/", parameters={}
2026-02-17 22:19:18.784 DEBUG 45334 --- [nio-8080-exec-4] o.s.w.s.v.ContentNegotiatingViewResolver : Selected 'text/html' given [text/html, application/xhtml+xml, image/avif, image/webp, image/apng, application/xml;q=0.9, application/signed-exchange;v=b3;q=0.7, */*;q=0.8]
2026-02-17 22:19:18.786 DEBUG 45334 --- [nio-8080-exec-4] o.s.w.servlet.view.InternalResourceView  : View name 'forward:', model {}
2026-02-17 22:19:18.786 DEBUG 45334 --- [nio-8080-exec-4] o.s.w.servlet.view.InternalResourceView  : Forwarding to [index.html]
2026-02-17 22:19:18.786 DEBUG 45334 --- [nio-8080-exec-4] o.s.web.servlet.DispatcherServlet        : "FORWARD" dispatch for GET "/index.html", parameters={}
2026-02-17 22:19:18.787 DEBUG 45334 --- [nio-8080-exec-4] o.s.w.s.handler.SimpleUrlHandlerMapping  : Mapped to ResourceHttpRequestHandler [classpath [META-INF/resources/], classpath [resources/], classpath [static/], classpath [public/], ServletContext [/]]
2026-02-17 22:19:18.790 DEBUG 45334 --- [nio-8080-exec-4] o.s.web.servlet.DispatcherServlet        : Exiting from "FORWARD" dispatch, status 200
2026-02-17 22:19:18.792 DEBUG 45334 --- [nio-8080-exec-4] o.s.web.servlet.DispatcherServlet        : Completed 200 OK
2026-02-17 22:19:18.808 DEBUG 45334 --- [nio-8080-exec-5] o.s.web.servlet.DispatcherServlet        : GET "/", parameters={}
2026-02-17 22:19:18.809 DEBUG 45334 --- [nio-8080-exec-5] o.s.w.s.v.ContentNegotiatingViewResolver : Selected 'text/html' given [text/html, application/xhtml+xml, image/avif, image/webp, image/apng, application/xml;q=0.9, application/signed-exchange;v=b3;q=0.7, */*;q=0.8]
2026-02-17 22:19:18.809 DEBUG 45334 --- [nio-8080-exec-5] o.s.w.servlet.view.InternalResourceView  : View name 'forward:', model {}
2026-02-17 22:19:18.809 DEBUG 45334 --- [nio-8080-exec-5] o.s.w.servlet.view.InternalResourceView  : Forwarding to [index.html]
2026-02-17 22:19:18.810 DEBUG 45334 --- [nio-8080-exec-5] o.s.web.servlet.DispatcherServlet        : "FORWARD" dispatch for GET "/index.html", parameters={}
2026-02-17 22:19:18.810 DEBUG 45334 --- [nio-8080-exec-5] o.s.w.s.handler.SimpleUrlHandlerMapping  : Mapped to ResourceHttpRequestHandler [classpath [META-INF/resources/], classpath [resources/], classpath [static/], classpath [public/], ServletContext [/]]
2026-02-17 22:19:18.811 DEBUG 45334 --- [nio-8080-exec-5] o.s.web.servlet.DispatcherServlet        : Exiting from "FORWARD" dispatch, status 200
2026-02-17 22:19:18.811 DEBUG 45334 --- [nio-8080-exec-5] o.s.web.servlet.DispatcherServlet        : Completed 200 OK
2026-02-17 22:19:18.844 DEBUG 45334 --- [nio-8080-exec-6] o.s.web.servlet.DispatcherServlet        : GET "/", parameters={}
2026-02-17 22:19:18.845 DEBUG 45334 --- [nio-8080-exec-6] o.s.w.s.v.ContentNegotiatingViewResolver : Selected 'text/html' given [text/html, application/xhtml+xml, image/avif, image/webp, image/apng, application/xml;q=0.9, application/signed-exchange;v=b3;q=0.7, */*;q=0.8]
2026-02-17 22:19:18.845 DEBUG 45334 --- [nio-8080-exec-6] o.s.w.servlet.view.InternalResourceView  : View name 'forward:', model {}
2026-02-17 22:19:18.846 DEBUG 45334 --- [nio-8080-exec-6] o.s.w.servlet.view.InternalResourceView  : Forwarding to [index.html]
2026-02-17 22:19:18.846 DEBUG 45334 --- [nio-8080-exec-6] o.s.web.servlet.DispatcherServlet        : "FORWARD" dispatch for GET "/index.html", parameters={}
2026-02-17 22:19:18.847 DEBUG 45334 --- [nio-8080-exec-6] o.s.w.s.handler.SimpleUrlHandlerMapping  : Mapped to ResourceHttpRequestHandler [classpath [META-INF/resources/], classpath [resources/], classpath [static/], classpath [public/], ServletContext [/]]
2026-02-17 22:19:18.848 DEBUG 45334 --- [nio-8080-exec-6] o.s.web.servlet.DispatcherServlet        : Exiting from "FORWARD" dispatch, status 200
2026-02-17 22:19:18.849 DEBUG 45334 --- [nio-8080-exec-6] o.s.web.servlet.DispatcherServlet        : Completed 200 OK
2026-02-17 22:19:19.014 DEBUG 45334 --- [nio-8080-exec-7] o.s.web.servlet.DispatcherServlet        : GET "/", parameters={}
2026-02-17 22:19:19.015 DEBUG 45334 --- [nio-8080-exec-7] o.s.w.s.v.ContentNegotiatingViewResolver : Selected 'text/html' given [text/html, application/xhtml+xml, image/avif, image/webp, image/apng, application/xml;q=0.9, application/signed-exchange;v=b3;q=0.7, */*;q=0.8]
2026-02-17 22:19:19.015 DEBUG 45334 --- [nio-8080-exec-7] o.s.w.servlet.view.InternalResourceView  : View name 'forward:', model {}
2026-02-17 22:19:19.015 DEBUG 45334 --- [nio-8080-exec-7] o.s.w.servlet.view.InternalResourceView  : Forwarding to [index.html]
2026-02-17 22:19:19.015 DEBUG 45334 --- [nio-8080-exec-7] o.s.web.servlet.DispatcherServlet        : "FORWARD" dispatch for GET "/index.html", parameters={}
2026-02-17 22:19:19.016 DEBUG 45334 --- [nio-8080-exec-7] o.s.w.s.handler.SimpleUrlHandlerMapping  : Mapped to ResourceHttpRequestHandler [classpath [META-INF/resources/], classpath [resources/], classpath [static/], classpath [public/], ServletContext [/]]
2026-02-17 22:19:19.017 DEBUG 45334 --- [nio-8080-exec-7] o.s.web.servlet.DispatcherServlet        : Exiting from "FORWARD" dispatch, status 200
2026-02-17 22:19:19.018 DEBUG 45334 --- [nio-8080-exec-7] o.s.web.servlet.DispatcherServlet        : Completed 200 OK
2026-02-17 22:19:19.090 DEBUG 45334 --- [nio-8080-exec-9] o.s.web.servlet.DispatcherServlet        : GET "/", parameters={}
2026-02-17 22:19:19.092 DEBUG 45334 --- [nio-8080-exec-9] o.s.w.s.v.ContentNegotiatingViewResolver : Selected 'text/html' given [text/html, application/xhtml+xml, image/avif, image/webp, image/apng, application/xml;q=0.9, application/signed-exchange;v=b3;q=0.7, */*;q=0.8]
2026-02-17 22:19:19.093 DEBUG 45334 --- [nio-8080-exec-9] o.s.w.servlet.view.InternalResourceView  : View name 'forward:', model {}
2026-02-17 22:19:19.093 DEBUG 45334 --- [nio-8080-exec-9] o.s.w.servlet.view.InternalResourceView  : Forwarding to [index.html]
2026-02-17 22:19:19.093 DEBUG 45334 --- [nio-8080-exec-9] o.s.web.servlet.DispatcherServlet        : "FORWARD" dispatch for GET "/index.html", parameters={}
2026-02-17 22:19:19.094 DEBUG 45334 --- [nio-8080-exec-9] o.s.w.s.handler.SimpleUrlHandlerMapping  : Mapped to ResourceHttpRequestHandler [classpath [META-INF/resources/], classpath [resources/], classpath [static/], classpath [public/], ServletContext [/]]
2026-02-17 22:19:19.098 DEBUG 45334 --- [nio-8080-exec-9] o.s.web.servlet.DispatcherServlet        : Exiting from "FORWARD" dispatch, status 200
2026-02-17 22:19:19.098 DEBUG 45334 --- [nio-8080-exec-9] o.s.web.servlet.DispatcherServlet        : Completed 200 OK
2026-02-17 22:19:19.120 DEBUG 45334 --- [io-8080-exec-10] o.s.web.servlet.DispatcherServlet        : GET "/", parameters={}
2026-02-17 22:19:19.123 DEBUG 45334 --- [io-8080-exec-10] o.s.w.s.v.ContentNegotiatingViewResolver : Selected 'text/html' given [text/html, application/xhtml+xml, image/avif, image/webp, image/apng, application/xml;q=0.9, application/signed-exchange;v=b3;q=0.7, */*;q=0.8]
2026-02-17 22:19:19.123 DEBUG 45334 --- [io-8080-exec-10] o.s.w.servlet.view.InternalResourceView  : View name 'forward:', model {}
2026-02-17 22:19:19.124 DEBUG 45334 --- [io-8080-exec-10] o.s.w.servlet.view.InternalResourceView  : Forwarding to [index.html]
2026-02-17 22:19:19.125 DEBUG 45334 --- [io-8080-exec-10] o.s.web.servlet.DispatcherServlet        : "FORWARD" dispatch for GET "/index.html", parameters={}
2026-02-17 22:19:19.128 DEBUG 45334 --- [io-8080-exec-10] o.s.w.s.handler.SimpleUrlHandlerMapping  : Mapped to ResourceHttpRequestHandler [classpath [META-INF/resources/], classpath [resources/], classpath [static/], classpath [public/], ServletContext [/]]
2026-02-17 22:19:19.132 DEBUG 45334 --- [io-8080-exec-10] o.s.web.servlet.DispatcherServlet        : Exiting from "FORWARD" dispatch, status 200
2026-02-17 22:19:19.133 DEBUG 45334 --- [io-8080-exec-10] o.s.web.servlet.DispatcherServlet        : Completed 200 OK
2026-02-17 22:19:19.209 DEBUG 45334 --- [nio-8080-exec-1] o.s.web.servlet.DispatcherServlet        : GET "/", parameters={}
2026-02-17 22:19:19.212 DEBUG 45334 --- [nio-8080-exec-1] o.s.w.s.v.ContentNegotiatingViewResolver : Selected 'text/html' given [text/html, application/xhtml+xml, image/avif, image/webp, image/apng, application/xml;q=0.9, application/signed-exchange;v=b3;q=0.7, */*;q=0.8]
2026-02-17 22:19:19.212 DEBUG 45334 --- [nio-8080-exec-1] o.s.w.servlet.view.InternalResourceView  : View name 'forward:', model {}
2026-02-17 22:19:19.212 DEBUG 45334 --- [nio-8080-exec-1] o.s.w.servlet.view.InternalResourceView  : Forwarding to [index.html]
2026-02-17 22:19:19.213 DEBUG 45334 --- [nio-8080-exec-1] o.s.web.servlet.DispatcherServlet        : "FORWARD" dispatch for GET "/index.html", parameters={}
2026-02-17 22:19:19.213 DEBUG 45334 --- [nio-8080-exec-1] o.s.w.s.handler.SimpleUrlHandlerMapping  : Mapped to ResourceHttpRequestHandler [classpath [META-INF/resources/], classpath [resources/], classpath [static/], classpath [public/], ServletContext [/]]
2026-02-17 22:19:19.216 DEBUG 45334 --- [nio-8080-exec-1] o.s.web.servlet.DispatcherServlet        : Exiting from "FORWARD" dispatch, status 200
2026-02-17 22:19:19.216 DEBUG 45334 --- [nio-8080-exec-1] o.s.web.servlet.DispatcherServlet        : Completed 200 OK
2026-02-17 22:19:19.362 DEBUG 45334 --- [nio-8080-exec-6] o.s.web.servlet.DispatcherServlet        : GET "/", parameters={}
2026-02-17 22:19:19.364 DEBUG 45334 --- [nio-8080-exec-6] o.s.w.s.v.ContentNegotiatingViewResolver : Selected 'text/html' given [text/html, application/xhtml+xml, image/avif, image/webp, image/apng, application/xml;q=0.9, application/signed-exchange;v=b3;q=0.7, */*;q=0.8]
2026-02-17 22:19:19.367 DEBUG 45334 --- [nio-8080-exec-6] o.s.w.servlet.view.InternalResourceView  : View name 'forward:', model {}
2026-02-17 22:19:19.367 DEBUG 45334 --- [nio-8080-exec-6] o.s.w.servlet.view.InternalResourceView  : Forwarding to [index.html]
2026-02-17 22:19:19.367 DEBUG 45334 --- [nio-8080-exec-6] o.s.web.servlet.DispatcherServlet        : "FORWARD" dispatch for GET "/index.html", parameters={}
2026-02-17 22:19:19.368 DEBUG 45334 --- [nio-8080-exec-6] o.s.w.s.handler.SimpleUrlHandlerMapping  : Mapped to ResourceHttpRequestHandler [classpath [META-INF/resources/], classpath [resources/], classpath [static/], classpath [public/], ServletContext [/]]
2026-02-17 22:19:19.370 DEBUG 45334 --- [nio-8080-exec-6] o.s.web.servlet.DispatcherServlet        : Exiting from "FORWARD" dispatch, status 200
2026-02-17 22:19:19.372 DEBUG 45334 --- [nio-8080-exec-6] o.s.web.servlet.DispatcherServlet        : Completed 200 OK
2026-02-17 22:19:20.453 DEBUG 45334 --- [nio-8080-exec-1] o.s.web.servlet.DispatcherServlet        : GET "/", parameters={}
2026-02-17 22:19:20.455 DEBUG 45334 --- [nio-8080-exec-1] o.s.w.s.v.ContentNegotiatingViewResolver : Selected 'text/html' given [text/html, application/xhtml+xml, image/avif, image/webp, image/apng, application/xml;q=0.9, application/signed-exchange;v=b3;q=0.7, */*;q=0.8]
2026-02-17 22:19:20.455 DEBUG 45334 --- [nio-8080-exec-1] o.s.w.servlet.view.InternalResourceView  : View name 'forward:', model {}
2026-02-17 22:19:20.455 DEBUG 45334 --- [nio-8080-exec-1] o.s.w.servlet.view.InternalResourceView  : Forwarding to [index.html]
2026-02-17 22:19:20.456 DEBUG 45334 --- [nio-8080-exec-1] o.s.web.servlet.DispatcherServlet        : "FORWARD" dispatch for GET "/index.html", parameters={}
2026-02-17 22:19:20.456 DEBUG 45334 --- [nio-8080-exec-1] o.s.w.s.handler.SimpleUrlHandlerMapping  : Mapped to ResourceHttpRequestHandler [classpath [META-INF/resources/], classpath [resources/], classpath [static/], classpath [public/], ServletContext [/]]
2026-02-17 22:19:20.458 DEBUG 45334 --- [nio-8080-exec-1] o.s.web.servlet.DispatcherServlet        : Exiting from "FORWARD" dispatch, status 200
2026-02-17 22:19:20.459 DEBUG 45334 --- [nio-8080-exec-1] o.s.web.servlet.DispatcherServlet        : Completed 200 OK
2026-02-17 22:19:20.695 DEBUG 45334 --- [nio-8080-exec-4] o.s.web.servlet.DispatcherServlet        : GET "/css/style.css", parameters={}
2026-02-17 22:19:20.697 DEBUG 45334 --- [nio-8080-exec-4] o.s.w.s.handler.SimpleUrlHandlerMapping  : Mapped to ResourceHttpRequestHandler [classpath [META-INF/resources/], classpath [resources/], classpath [static/], classpath [public/], ServletContext [/]]
2026-02-17 22:19:20.702 DEBUG 45334 --- [nio-8080-exec-4] o.s.web.servlet.DispatcherServlet        : Completed 200 OK
2026-02-17 22:19:20.750 DEBUG 45334 --- [nio-8080-exec-5] o.s.web.servlet.DispatcherServlet        : GET "/js/auth.js", parameters={}
2026-02-17 22:19:20.751 DEBUG 45334 --- [nio-8080-exec-5] o.s.w.s.handler.SimpleUrlHandlerMapping  : Mapped to ResourceHttpRequestHandler [classpath [META-INF/resources/], classpath [resources/], classpath [static/], classpath [public/], ServletContext [/]]
2026-02-17 22:19:20.752 DEBUG 45334 --- [nio-8080-exec-5] o.s.web.servlet.DispatcherServlet        : Completed 200 OK
2026-02-17 22:19:20.756 DEBUG 45334 --- [nio-8080-exec-6] o.s.web.servlet.DispatcherServlet        : GET "/js/api.js", parameters={}
2026-02-17 22:19:20.757 DEBUG 45334 --- [nio-8080-exec-6] o.s.w.s.handler.SimpleUrlHandlerMapping  : Mapped to ResourceHttpRequestHandler [classpath [META-INF/resources/], classpath [resources/], classpath [static/], classpath [public/], ServletContext [/]]
2026-02-17 22:19:20.758 DEBUG 45334 --- [nio-8080-exec-6] o.s.web.servlet.DispatcherServlet        : Completed 200 OK
2026-02-17 22:19:20.893 DEBUG 45334 --- [nio-8080-exec-7] o.s.web.servlet.DispatcherServlet        : GET "/favicon.ico", parameters={}
2026-02-17 22:19:20.894 DEBUG 45334 --- [nio-8080-exec-7] o.s.w.s.handler.SimpleUrlHandlerMapping  : Mapped to ResourceHttpRequestHandler [classpath [META-INF/resources/], classpath [resources/], classpath [static/], classpath [public/], ServletContext [/]]
2026-02-17 22:19:20.896 DEBUG 45334 --- [nio-8080-exec-7] o.s.w.s.r.ResourceHttpRequestHandler     : Resource not found
2026-02-17 22:19:20.898 DEBUG 45334 --- [nio-8080-exec-7] o.s.web.servlet.DispatcherServlet        : Completed 404 NOT_FOUND
2026-02-17 22:19:20.899 DEBUG 45334 --- [nio-8080-exec-7] o.s.web.servlet.DispatcherServlet        : "ERROR" dispatch for GET "/error", parameters={}
2026-02-17 22:19:20.899 DEBUG 45334 --- [nio-8080-exec-7] s.w.s.m.m.a.RequestMappingHandlerMapping : Mapped to org.springframework.boot.autoconfigure.web.servlet.error.BasicErrorController#error(HttpServletRequest)
2026-02-17 22:19:20.900 DEBUG 45334 --- [nio-8080-exec-7] o.s.w.s.m.m.a.HttpEntityMethodProcessor  : Using 'application/json;q=0.8', given [image/avif, image/webp, image/apng, image/svg+xml, image/*, */*;q=0.8] and supported [application/json, application/*+json, application/json, application/*+json]
2026-02-17 22:19:20.900 DEBUG 45334 --- [nio-8080-exec-7] o.s.w.s.m.m.a.HttpEntityMethodProcessor  : Writing [{timestamp=Tue Feb 17 22:19:20 UTC 2026, status=404, error=Not Found, path=/favicon.ico}]
2026-02-17 22:19:20.901 DEBUG 45334 --- [nio-8080-exec-7] o.s.web.servlet.DispatcherServlet        : Exiting from "ERROR" dispatch, status 404
